Log of 'out' stream of WorkerTask 'uni0'
---

INFO    Using 'cpu' as training device. Number of threads: 8
INFO    Initializing the neural net ...
INFO    Generating data ...
INFO    Generated data.
INFO    Saving data ...
INFO    All data saved.
INFO    Initialising the model 'VPINN' ...
INFO    Now commencing training for 5000 epochs ...
PROGRESS    Completed epoch 0 / 5000;    current loss: 7.756664752960205
PROGRESS    Completed epoch 100 / 5000;    current loss: 3.416893720626831
PROGRESS    Completed epoch 200 / 5000;    current loss: 3.4157185554504395
PROGRESS    Completed epoch 300 / 5000;    current loss: 3.4136900901794434
PROGRESS    Completed epoch 400 / 5000;    current loss: 3.4063453674316406
PROGRESS    Completed epoch 500 / 5000;    current loss: 3.2986538410186768
PROGRESS    Completed epoch 600 / 5000;    current loss: 2.8223323822021484
PROGRESS    Completed epoch 700 / 5000;    current loss: 2.561511754989624
PROGRESS    Completed epoch 800 / 5000;    current loss: 2.0602829456329346
PROGRESS    Completed epoch 900 / 5000;    current loss: 1.1213481426239014
PROGRESS    Completed epoch 1000 / 5000;    current loss: 0.9121904373168945
PROGRESS    Completed epoch 1100 / 5000;    current loss: 0.8396868109703064
PROGRESS    Completed epoch 1200 / 5000;    current loss: 0.7942134141921997
PROGRESS    Completed epoch 1300 / 5000;    current loss: 0.7744991183280945
PROGRESS    Completed epoch 1400 / 5000;    current loss: 0.763727605342865
PROGRESS    Completed epoch 1500 / 5000;    current loss: 0.7552802562713623
PROGRESS    Completed epoch 1600 / 5000;    current loss: 0.7524950504302979
PROGRESS    Completed epoch 1700 / 5000;    current loss: 0.7382463812828064
PROGRESS    Completed epoch 1800 / 5000;    current loss: 0.733777642250061
PROGRESS    Completed epoch 1900 / 5000;    current loss: 0.7265952229499817
PROGRESS    Completed epoch 2000 / 5000;    current loss: 0.7571361660957336
PROGRESS    Completed epoch 2100 / 5000;    current loss: 0.7313780188560486
PROGRESS    Completed epoch 2200 / 5000;    current loss: 0.7117726802825928
PROGRESS    Completed epoch 2300 / 5000;    current loss: 0.7074429988861084
PROGRESS    Completed epoch 2400 / 5000;    current loss: 0.7533430457115173
PROGRESS    Completed epoch 2500 / 5000;    current loss: 0.6994838118553162
PROGRESS    Completed epoch 2600 / 5000;    current loss: 0.6953453421592712
PROGRESS    Completed epoch 2700 / 5000;    current loss: 0.6915191411972046
PROGRESS    Completed epoch 2800 / 5000;    current loss: 0.6879898905754089
PROGRESS    Completed epoch 2900 / 5000;    current loss: 0.6846378445625305
PROGRESS    Completed epoch 3000 / 5000;    current loss: 0.684135913848877
PROGRESS    Completed epoch 3100 / 5000;    current loss: 0.6779081225395203
PROGRESS    Completed epoch 3200 / 5000;    current loss: 0.6860384345054626
PROGRESS    Completed epoch 3300 / 5000;    current loss: 0.6743940114974976
PROGRESS    Completed epoch 3400 / 5000;    current loss: 0.7377777695655823
PROGRESS    Completed epoch 3500 / 5000;    current loss: 0.6666662693023682
PROGRESS    Completed epoch 3600 / 5000;    current loss: 0.6634900569915771
PROGRESS    Completed epoch 3700 / 5000;    current loss: 0.6611806750297546
PROGRESS    Completed epoch 3800 / 5000;    current loss: 0.6601096391677856
PROGRESS    Completed epoch 3900 / 5000;    current loss: 0.6567903757095337
PROGRESS    Completed epoch 4000 / 5000;    current loss: 0.6549156904220581
PROGRESS    Completed epoch 4100 / 5000;    current loss: 0.6583942770957947
PROGRESS    Completed epoch 4200 / 5000;    current loss: 0.6511828899383545
PROGRESS    Completed epoch 4300 / 5000;    current loss: 0.6498849987983704
PROGRESS    Completed epoch 4400 / 5000;    current loss: 0.6479568481445312
PROGRESS    Completed epoch 4500 / 5000;    current loss: 0.646499752998352
PROGRESS    Completed epoch 4600 / 5000;    current loss: 0.6451282501220703
PROGRESS    Completed epoch 4700 / 5000;    current loss: 0.6449902653694153
PROGRESS    Completed epoch 4800 / 5000;    current loss: 0.6517288684844971
PROGRESS    Completed epoch 4900 / 5000;    current loss: 0.6413101553916931
INFO    Simulation run finished. Generating prediction ...
INFO    Done. Wrapping up ...
SUCCESS    All done.

---
end of log. exit code: 0
