Log of 'out' stream of WorkerTask 'uni0'
---

NOTE    Preparing model run ...
NOTE    Loading config file:
        /Users/thomasgaskin/utopya_output/VPINN/221027-224726_Poisson_grid/data/uni0/config.yml
NOTE    Model name:  VPINN
INFO    Using 'cpu' as training device. Number of threads: 8
NOTE    Creating global RNG ...
NOTE    Creating output file at:
        /Users/thomasgaskin/utopya_output/VPINN/221027-224726_Poisson_grid/data/uni0/data.h5
INFO    Generating grid and test function data ...
DEBUG    Constructing the grid ...
DEBUG    Constructing the test function grid ...
DEBUG    Evaluating test functions on grid ...
DEBUG    Evaluating test function derivatives on grid ...
DEBUG    Evaluating test function second derivatives on grid ...
INFO    Generated grid and test function data.
INFO    Saving data ...
DEBUG Creating converter from 5 to 3
INFO    All data saved.
SUCCESS    Grid and test function data generated.

---
end of log. exit code: 0
